[2019-12-19T00:24:59.041] [INFO] cheese - tilong's blog listening on port 5000
[2019-12-19T00:24:59.046] [INFO] cheese - 
[2019-12-19T00:34:37.217] [INFO] cheese - tilong's blog listening on port 5000
[2019-12-19T00:34:37.220] [INFO] cheese - 
[2019-12-19T00:34:48.813] [INFO] cheese - tilong's blog listening on port 5000
[2019-12-19T00:34:48.816] [INFO] cheese - 
[2019-12-19T00:34:51.214] [INFO] cheese - tilong's blog listening on port 5000
[2019-12-19T00:34:51.217] [INFO] cheese - 
[2019-12-19T00:35:03.175] [INFO] cheese - tilong's blog listening on port 5000
[2019-12-19T00:35:03.178] [INFO] cheese - 
[2019-12-19T00:35:08.501] [INFO] cheese - tilong's blog listening on port 5000
[2019-12-19T00:35:08.504] [INFO] cheese - 
[2019-12-19T00:35:32.977] [INFO] cheese - tilong's blog listening on port 5000
[2019-12-19T00:35:32.980] [INFO] cheese - 
[2019-12-19T00:40:27.707] [INFO] cheese - tilong's blog listening on port 5000
[2019-12-19T00:40:27.711] [INFO] cheese - 
[2019-12-19T00:40:34.662] [INFO] cheese - tilong's blog listening on port 5000
[2019-12-19T00:40:34.665] [INFO] cheese - 
[2019-12-19T00:40:36.724] [INFO] cheese - tilong's blog listening on port 5000
[2019-12-19T00:40:36.727] [INFO] cheese - 
[2019-12-19T00:44:21.437] [INFO] cheese - tilong's blog listening on port 5000
[2019-12-19T00:44:21.441] [INFO] cheese - 
[2019-12-19T00:45:32.068] [INFO] cheese - tilong's blog listening on port 5000
[2019-12-19T00:45:32.071] [INFO] cheese - 
[2019-12-19T00:46:03.520] [INFO] cheese - tilong's blog listening on port 5000
[2019-12-19T00:46:03.524] [INFO] cheese - 
[2019-12-19T00:46:11.466] [ERROR] cheese - { NotFoundError: Not Found
    at app.use (/Users/fantilong/WebstormProjects/myBlog/app.js:35:10)
    at Layer.handle [as handle_request] (/Users/fantilong/WebstormProjects/myBlog/node_modules/express/lib/router/layer.js:95:5)
    at trim_prefix (/Users/fantilong/WebstormProjects/myBlog/node_modules/express/lib/router/index.js:317:13)
    at /Users/fantilong/WebstormProjects/myBlog/node_modules/express/lib/router/index.js:284:7
    at Function.process_params (/Users/fantilong/WebstormProjects/myBlog/node_modules/express/lib/router/index.js:335:12)
    at next (/Users/fantilong/WebstormProjects/myBlog/node_modules/express/lib/router/index.js:275:10)
    at /Users/fantilong/WebstormProjects/myBlog/node_modules/express/lib/router/index.js:635:15
    at next (/Users/fantilong/WebstormProjects/myBlog/node_modules/express/lib/router/index.js:260:14)
    at Function.handle (/Users/fantilong/WebstormProjects/myBlog/node_modules/express/lib/router/index.js:174:3)
    at router (/Users/fantilong/WebstormProjects/myBlog/node_modules/express/lib/router/index.js:47:12) message: 'Not Found' }
[2019-12-19T00:46:35.434] [INFO] cheese - tilong's blog listening on port 5000
[2019-12-19T00:46:35.437] [INFO] cheese - 
[2019-12-19T00:46:37.574] [INFO] cheese - tilong's blog listening on port 5000
[2019-12-19T00:46:37.578] [INFO] cheese - 
[2019-12-19T00:48:56.644] [INFO] cheese - tilong's blog listening on port 5000
[2019-12-19T00:48:56.647] [INFO] cheese - 
[2019-12-19T00:49:29.608] [INFO] cheese - tilong's blog listening on port 5000
[2019-12-19T00:49:29.611] [INFO] cheese - 
[2019-12-19T00:49:43.584] [INFO] cheese - tilong's blog listening on port 5000
[2019-12-19T00:49:43.587] [INFO] cheese - 
[2019-12-19T00:49:45.920] [ERROR] cheese - { NotFoundError: Not Found
    at app.use (/Users/fantilong/WebstormProjects/myBlog/app.js:35:10)
    at Layer.handle [as handle_request] (/Users/fantilong/WebstormProjects/myBlog/node_modules/express/lib/router/layer.js:95:5)
    at trim_prefix (/Users/fantilong/WebstormProjects/myBlog/node_modules/express/lib/router/index.js:317:13)
    at /Users/fantilong/WebstormProjects/myBlog/node_modules/express/lib/router/index.js:284:7
    at Function.process_params (/Users/fantilong/WebstormProjects/myBlog/node_modules/express/lib/router/index.js:335:12)
    at next (/Users/fantilong/WebstormProjects/myBlog/node_modules/express/lib/router/index.js:275:10)
    at /Users/fantilong/WebstormProjects/myBlog/node_modules/express/lib/router/index.js:635:15
    at next (/Users/fantilong/WebstormProjects/myBlog/node_modules/express/lib/router/index.js:260:14)
    at Function.handle (/Users/fantilong/WebstormProjects/myBlog/node_modules/express/lib/router/index.js:174:3)
    at router (/Users/fantilong/WebstormProjects/myBlog/node_modules/express/lib/router/index.js:47:12) message: 'Not Found' }
[2019-12-19T00:59:35.430] [ERROR] cheese - { NotFoundError: Not Found
    at app.use (/Users/fantilong/WebstormProjects/myBlog/app.js:35:10)
    at Layer.handle [as handle_request] (/Users/fantilong/WebstormProjects/myBlog/node_modules/express/lib/router/layer.js:95:5)
    at trim_prefix (/Users/fantilong/WebstormProjects/myBlog/node_modules/express/lib/router/index.js:317:13)
    at /Users/fantilong/WebstormProjects/myBlog/node_modules/express/lib/router/index.js:284:7
    at Function.process_params (/Users/fantilong/WebstormProjects/myBlog/node_modules/express/lib/router/index.js:335:12)
    at next (/Users/fantilong/WebstormProjects/myBlog/node_modules/express/lib/router/index.js:275:10)
    at /Users/fantilong/WebstormProjects/myBlog/node_modules/express/lib/router/index.js:635:15
    at next (/Users/fantilong/WebstormProjects/myBlog/node_modules/express/lib/router/index.js:260:14)
    at Function.handle (/Users/fantilong/WebstormProjects/myBlog/node_modules/express/lib/router/index.js:174:3)
    at router (/Users/fantilong/WebstormProjects/myBlog/node_modules/express/lib/router/index.js:47:12) message: 'Not Found' }
[2019-12-19T17:23:50.554] [INFO] cheese - tilong's blog listening on port 5000
[2019-12-19T17:23:50.557] [INFO] cheese - 
